<?xml version="1.0" encoding="UTF-8"?>
<!-- Generated by org.testng.reporters.JUnitReportReporter -->
<testsuite skipped="0" hostname="DESKTOP-CU4299J" name="runner.Testrunner" tests="1" failures="0" timestamp="25 Sep 2017 02:39:12 GMT" time="0.058" errors="0">
  <testcase name="feature" time="0.058" classname="runner.Testrunner"/>
</testsuite> <!-- runner.Testrunner -->
